\BOOKMARK [1][-]{section.1}{\376\377\000T\000u\000j\000u\000a\000n\000\040\000H\000a\000n\000d\000s\000\040\000O\000n\000\040\0002}{}% 1
\BOOKMARK [1][-]{section.2}{\376\377\000F\000o\000r\000k\000/\000J\000o\000i\000n}{}% 2
\BOOKMARK [2][-]{subsection.2.1}{\376\377\000S\000o\000u\000r\000c\000e\000\040\000C\000o\000d\000e}{section.2}% 3
\BOOKMARK [2][-]{subsection.2.2}{\376\377\000O\000u\000t\000p\000u\000t}{section.2}% 4
\BOOKMARK [2][-]{subsection.2.3}{\376\377\000P\000e\000n\000j\000e\000l\000a\000s\000a\000n\000\040\000F\000o\000r\000k\000/\000J\000o\000i\000n}{section.2}% 5
\BOOKMARK [1][-]{section.3}{\376\377\000B\000i\000n\000a\000r\000y\000\040\000S\000e\000m\000a\000p\000h\000o\000r\000e\000s}{}% 6
\BOOKMARK [2][-]{subsection.3.1}{\376\377\000S\000o\000u\000r\000c\000e\000\040\000C\000o\000d\000e}{section.3}% 7
\BOOKMARK [2][-]{subsection.3.2}{\376\377\000O\000u\000t\000p\000u\000t}{section.3}% 8
\BOOKMARK [2][-]{subsection.3.3}{\376\377\000P\000e\000n\000j\000e\000l\000a\000s\000a\000n\000\040\000B\000i\000n\000a\000r\000y\000\040\000S\000e\000m\000a\000p\000h\000o\000r\000e\000s}{section.3}% 9
\BOOKMARK [1][-]{section.4}{\376\377\000P\000r\000o\000d\000u\000c\000e\000r\000/\000C\000o\000n\000s\000u\000m\000e\000r}{}% 10
\BOOKMARK [2][-]{subsection.4.1}{\376\377\000S\000o\000u\000r\000c\000e\000\040\000C\000o\000d\000e}{section.4}% 11
\BOOKMARK [2][-]{subsection.4.2}{\376\377\000O\000u\000t\000p\000u\000t}{section.4}% 12
\BOOKMARK [2][-]{subsection.4.3}{\376\377\000P\000e\000n\000j\000e\000l\000a\000s\000a\000n\000\040\000P\000r\000o\000d\000u\000c\000e\000r\000/\000C\000o\000n\000s\000u\000m\000e\000r}{section.4}% 13
\BOOKMARK [1][-]{section.5}{\376\377\000R\000e\000a\000d\000e\000r\000/\000W\000r\000i\000t\000e\000r\000\040\000L\000o\000c\000k\000s}{}% 14
\BOOKMARK [2][-]{subsection.5.1}{\376\377\000S\000o\000u\000r\000c\000e\000\040\000C\000o\000d\000e}{section.5}% 15
\BOOKMARK [2][-]{subsection.5.2}{\376\377\000O\000u\000t\000p\000u\000t}{section.5}% 16
\BOOKMARK [2][-]{subsection.5.3}{\376\377\000P\000e\000n\000j\000e\000l\000a\000s\000a\000n\000\040\000R\000e\000a\000d\000e\000r\000/\000W\000r\000i\000t\000e\000r\000\040\000L\000o\000c\000k\000s}{section.5}% 17
\BOOKMARK [1][-]{section.6}{\376\377\000D\000i\000n\000i\000n\000g\000\040\000P\000h\000i\000l\000o\000s\000o\000p\000h\000e\000r\000s}{}% 18
\BOOKMARK [2][-]{subsection.6.1}{\376\377\000D\000e\000a\000d\000l\000o\000c\000k}{section.6}% 19
\BOOKMARK [3][-]{subsubsection.6.1.1}{\376\377\000S\000o\000u\000r\000c\000e\000\040\000C\000o\000d\000e}{subsection.6.1}% 20
\BOOKMARK [3][-]{subsubsection.6.1.2}{\376\377\000O\000u\000t\000p\000u\000t}{subsection.6.1}% 21
\BOOKMARK [3][-]{subsubsection.6.1.3}{\376\377\000P\000e\000n\000j\000e\000l\000a\000s\000a\000n\000\040\000D\000i\000n\000i\000n\000g\000\040\000P\000h\000i\000l\000o\000s\000o\000p\000h\000e\000r\000s\000\040\000D\000e\000a\000d\000l\000o\000c\000k}{subsection.6.1}% 22
\BOOKMARK [2][-]{subsection.6.2}{\376\377\000N\000o\000\040\000D\000e\000a\000d\000l\000o\000c\000k}{section.6}% 23
\BOOKMARK [3][-]{subsubsection.6.2.1}{\376\377\000S\000o\000u\000r\000c\000e\000\040\000C\000o\000d\000e}{subsection.6.2}% 24
\BOOKMARK [3][-]{subsubsection.6.2.2}{\376\377\000O\000u\000t\000p\000u\000t}{subsection.6.2}% 25
\BOOKMARK [3][-]{subsubsection.6.2.3}{\376\377\000P\000e\000n\000j\000e\000l\000a\000s\000a\000n\000\040\000D\000i\000n\000i\000n\000g\000\040\000P\000h\000i\000l\000o\000s\000o\000p\000h\000e\000r\000s\000\040\000N\000o\000\040\000D\000e\000a\000d\000l\000o\000c\000k}{subsection.6.2}% 26
\BOOKMARK [1][-]{section.7}{\376\377\000K\000e\000s\000i\000m\000p\000u\000l\000a\000n}{}% 27
\BOOKMARK [1][-]{section.8}{\376\377\000L\000i\000n\000k\000\040\000G\000i\000t\000H\000u\000b}{}% 28
